Determining if the Q_WS_WIN exist failed with the following output:
Change Dir: /home/emmanuelle/Dropbox/ProcDeferl2/CMakeFiles/CMakeTmp

Run Build Command:/usr/bin/make "cmTryCompileExec2287285742/fast"
/usr/bin/make -f CMakeFiles/cmTryCompileExec2287285742.dir/build.make CMakeFiles/cmTryCompileExec2287285742.dir/build
make[1]: entrant dans le répertoire « /home/emmanuelle/Dropbox/ProcDeferl2/CMakeFiles/CMakeTmp »
/usr/bin/cmake -E cmake_progress_report /home/emmanuelle/Dropbox/ProcDeferl2/CMakeFiles/CMakeTmp/CMakeFiles 1
Building CXX object CMakeFiles/cmTryCompileExec2287285742.dir/CheckSymbolExists.cxx.o
/usr/bin/c++    -std=c++11 -O3  -I/usr/include/qt4    -o CMakeFiles/cmTryCompileExec2287285742.dir/CheckSymbolExists.cxx.o -c /home/emmanuelle/Dropbox/ProcDeferl2/CMakeFiles/CMakeTmp/CheckSymbolExists.cxx
/home/emmanuelle/Dropbox/ProcDeferl2/CMakeFiles/CMakeTmp/CheckSymbolExists.cxx: In function ‘int main(int, char**)’:
/home/emmanuelle/Dropbox/ProcDeferl2/CMakeFiles/CMakeTmp/CheckSymbolExists.cxx:8:19: error: ‘Q_WS_WIN’ was not declared in this scope
   return ((int*)(&Q_WS_WIN))[argc];
                   ^
make[1]: quittant le répertoire « /home/emmanuelle/Dropbox/ProcDeferl2/CMakeFiles/CMakeTmp »
make[1]: *** [CMakeFiles/cmTryCompileExec2287285742.dir/CheckSymbolExists.cxx.o] Erreur 1
make: *** [cmTryCompileExec2287285742/fast] Erreur 2

File /home/emmanuelle/Dropbox/ProcDeferl2/CMakeFiles/CMakeTmp/CheckSymbolExists.cxx:
/* */
#include <QtCore/qglobal.h>

int main(int argc, char** argv)
{
  (void)argv;
#ifndef Q_WS_WIN
  return ((int*)(&Q_WS_WIN))[argc];
#else
  (void)argc;
  return 0;
#endif
}

Determining if the Q_WS_QWS exist failed with the following output:
Change Dir: /home/emmanuelle/Dropbox/ProcDeferl2/CMakeFiles/CMakeTmp

Run Build Command:/usr/bin/make "cmTryCompileExec6708803/fast"
/usr/bin/make -f CMakeFiles/cmTryCompileExec6708803.dir/build.make CMakeFiles/cmTryCompileExec6708803.dir/build
make[1]: entrant dans le répertoire « /home/emmanuelle/Dropbox/ProcDeferl2/CMakeFiles/CMakeTmp »
/usr/bin/cmake -E cmake_progress_report /home/emmanuelle/Dropbox/ProcDeferl2/CMakeFiles/CMakeTmp/CMakeFiles 1
Building CXX object CMakeFiles/cmTryCompileExec6708803.dir/CheckSymbolExists.cxx.o
/usr/bin/c++    -std=c++11 -O3  -I/usr/include/qt4    -o CMakeFiles/cmTryCompileExec6708803.dir/CheckSymbolExists.cxx.o -c /home/emmanuelle/Dropbox/ProcDeferl2/CMakeFiles/CMakeTmp/CheckSymbolExists.cxx
/home/emmanuelle/Dropbox/ProcDeferl2/CMakeFiles/CMakeTmp/CheckSymbolExists.cxx: In function ‘int main(int, char**)’:
/home/emmanuelle/Dropbox/ProcDeferl2/CMakeFiles/CMakeTmp/CheckSymbolExists.cxx:8:19: error: ‘Q_WS_QWS’ was not declared in this scope
   return ((int*)(&Q_WS_QWS))[argc];
                   ^
make[1]: *** [CMakeFiles/cmTryCompileExec6708803.dir/CheckSymbolExists.cxx.o] Erreur 1
make[1]: quittant le répertoire « /home/emmanuelle/Dropbox/ProcDeferl2/CMakeFiles/CMakeTmp »
make: *** [cmTryCompileExec6708803/fast] Erreur 2

File /home/emmanuelle/Dropbox/ProcDeferl2/CMakeFiles/CMakeTmp/CheckSymbolExists.cxx:
/* */
#include <QtCore/qglobal.h>

int main(int argc, char** argv)
{
  (void)argv;
#ifndef Q_WS_QWS
  return ((int*)(&Q_WS_QWS))[argc];
#else
  (void)argc;
  return 0;
#endif
}

Determining if the Q_WS_MAC exist failed with the following output:
Change Dir: /home/emmanuelle/Dropbox/ProcDeferl2/CMakeFiles/CMakeTmp

Run Build Command:/usr/bin/make "cmTryCompileExec4001548157/fast"
/usr/bin/make -f CMakeFiles/cmTryCompileExec4001548157.dir/build.make CMakeFiles/cmTryCompileExec4001548157.dir/build
make[1]: entrant dans le répertoire « /home/emmanuelle/Dropbox/ProcDeferl2/CMakeFiles/CMakeTmp »
/usr/bin/cmake -E cmake_progress_report /home/emmanuelle/Dropbox/ProcDeferl2/CMakeFiles/CMakeTmp/CMakeFiles 1
Building CXX object CMakeFiles/cmTryCompileExec4001548157.dir/CheckSymbolExists.cxx.o
/usr/bin/c++    -std=c++11 -O3  -I/usr/include/qt4    -o CMakeFiles/cmTryCompileExec4001548157.dir/CheckSymbolExists.cxx.o -c /home/emmanuelle/Dropbox/ProcDeferl2/CMakeFiles/CMakeTmp/CheckSymbolExists.cxx
/home/emmanuelle/Dropbox/ProcDeferl2/CMakeFiles/CMakeTmp/CheckSymbolExists.cxx: In function ‘int main(int, char**)’:
/home/emmanuelle/Dropbox/ProcDeferl2/CMakeFiles/CMakeTmp/CheckSymbolExists.cxx:8:19: error: ‘Q_WS_MAC’ was not declared in this scope
   return ((int*)(&Q_WS_MAC))[argc];
                   ^
make[1]: quittant le répertoire « /home/emmanuelle/Dropbox/ProcDeferl2/CMakeFiles/CMakeTmp »
make[1]: *** [CMakeFiles/cmTryCompileExec4001548157.dir/CheckSymbolExists.cxx.o] Erreur 1
make: *** [cmTryCompileExec4001548157/fast] Erreur 2

File /home/emmanuelle/Dropbox/ProcDeferl2/CMakeFiles/CMakeTmp/CheckSymbolExists.cxx:
/* */
#include <QtCore/qglobal.h>

int main(int argc, char** argv)
{
  (void)argv;
#ifndef Q_WS_MAC
  return ((int*)(&Q_WS_MAC))[argc];
#else
  (void)argc;
  return 0;
#endif
}

Determining if the Q_WS_WIN exist failed with the following output:
Change Dir: /home/emmanuelle/Dropbox/ProcDeferl2/CMakeFiles/CMakeTmp

Run Build Command:/usr/bin/make "cmTryCompileExec1280474445/fast"
/usr/bin/make -f CMakeFiles/cmTryCompileExec1280474445.dir/build.make CMakeFiles/cmTryCompileExec1280474445.dir/build
make[1]: entrant dans le répertoire « /home/emmanuelle/Dropbox/ProcDeferl2/CMakeFiles/CMakeTmp »
/usr/bin/cmake -E cmake_progress_report /home/emmanuelle/Dropbox/ProcDeferl2/CMakeFiles/CMakeTmp/CMakeFiles 1
Building CXX object CMakeFiles/cmTryCompileExec1280474445.dir/CheckSymbolExists.cxx.o
/usr/bin/c++    -std=c++11 -O3  -I/usr/include/qt4    -o CMakeFiles/cmTryCompileExec1280474445.dir/CheckSymbolExists.cxx.o -c /home/emmanuelle/Dropbox/ProcDeferl2/CMakeFiles/CMakeTmp/CheckSymbolExists.cxx
/home/emmanuelle/Dropbox/ProcDeferl2/CMakeFiles/CMakeTmp/CheckSymbolExists.cxx: In function ‘int main(int, char**)’:
/home/emmanuelle/Dropbox/ProcDeferl2/CMakeFiles/CMakeTmp/CheckSymbolExists.cxx:8:19: error: ‘Q_WS_WIN’ was not declared in this scope
   return ((int*)(&Q_WS_WIN))[argc];
                   ^
make[1]: quittant le répertoire « /home/emmanuelle/Dropbox/ProcDeferl2/CMakeFiles/CMakeTmp »
make[1]: *** [CMakeFiles/cmTryCompileExec1280474445.dir/CheckSymbolExists.cxx.o] Erreur 1
make: *** [cmTryCompileExec1280474445/fast] Erreur 2

File /home/emmanuelle/Dropbox/ProcDeferl2/CMakeFiles/CMakeTmp/CheckSymbolExists.cxx:
/* */
#include <QtCore/qglobal.h>

int main(int argc, char** argv)
{
  (void)argv;
#ifndef Q_WS_WIN
  return ((int*)(&Q_WS_WIN))[argc];
#else
  (void)argc;
  return 0;
#endif
}

Determining if the Q_WS_QWS exist failed with the following output:
Change Dir: /home/emmanuelle/Dropbox/ProcDeferl2/CMakeFiles/CMakeTmp

Run Build Command:/usr/bin/make "cmTryCompileExec2540232275/fast"
/usr/bin/make -f CMakeFiles/cmTryCompileExec2540232275.dir/build.make CMakeFiles/cmTryCompileExec2540232275.dir/build
make[1]: entrant dans le répertoire « /home/emmanuelle/Dropbox/ProcDeferl2/CMakeFiles/CMakeTmp »
/usr/bin/cmake -E cmake_progress_report /home/emmanuelle/Dropbox/ProcDeferl2/CMakeFiles/CMakeTmp/CMakeFiles 1
Building CXX object CMakeFiles/cmTryCompileExec2540232275.dir/CheckSymbolExists.cxx.o
/usr/bin/c++    -std=c++11 -O3  -I/usr/include/qt4    -o CMakeFiles/cmTryCompileExec2540232275.dir/CheckSymbolExists.cxx.o -c /home/emmanuelle/Dropbox/ProcDeferl2/CMakeFiles/CMakeTmp/CheckSymbolExists.cxx
/home/emmanuelle/Dropbox/ProcDeferl2/CMakeFiles/CMakeTmp/CheckSymbolExists.cxx: In function ‘int main(int, char**)’:
/home/emmanuelle/Dropbox/ProcDeferl2/CMakeFiles/CMakeTmp/CheckSymbolExists.cxx:8:19: error: ‘Q_WS_QWS’ was not declared in this scope
   return ((int*)(&Q_WS_QWS))[argc];
                   ^
make[1]: *** [CMakeFiles/cmTryCompileExec2540232275.dir/CheckSymbolExists.cxx.o] Erreur 1
make[1]: quittant le répertoire « /home/emmanuelle/Dropbox/ProcDeferl2/CMakeFiles/CMakeTmp »
make: *** [cmTryCompileExec2540232275/fast] Erreur 2

File /home/emmanuelle/Dropbox/ProcDeferl2/CMakeFiles/CMakeTmp/CheckSymbolExists.cxx:
/* */
#include <QtCore/qglobal.h>

int main(int argc, char** argv)
{
  (void)argv;
#ifndef Q_WS_QWS
  return ((int*)(&Q_WS_QWS))[argc];
#else
  (void)argc;
  return 0;
#endif
}

Determining if the Q_WS_MAC exist failed with the following output:
Change Dir: /home/emmanuelle/Dropbox/ProcDeferl2/CMakeFiles/CMakeTmp

Run Build Command:/usr/bin/make "cmTryCompileExec2939093928/fast"
/usr/bin/make -f CMakeFiles/cmTryCompileExec2939093928.dir/build.make CMakeFiles/cmTryCompileExec2939093928.dir/build
make[1]: entrant dans le répertoire « /home/emmanuelle/Dropbox/ProcDeferl2/CMakeFiles/CMakeTmp »
/usr/bin/cmake -E cmake_progress_report /home/emmanuelle/Dropbox/ProcDeferl2/CMakeFiles/CMakeTmp/CMakeFiles 1
Building CXX object CMakeFiles/cmTryCompileExec2939093928.dir/CheckSymbolExists.cxx.o
/usr/bin/c++    -std=c++11 -O3  -I/usr/include/qt4    -o CMakeFiles/cmTryCompileExec2939093928.dir/CheckSymbolExists.cxx.o -c /home/emmanuelle/Dropbox/ProcDeferl2/CMakeFiles/CMakeTmp/CheckSymbolExists.cxx
/home/emmanuelle/Dropbox/ProcDeferl2/CMakeFiles/CMakeTmp/CheckSymbolExists.cxx: In function ‘int main(int, char**)’:
/home/emmanuelle/Dropbox/ProcDeferl2/CMakeFiles/CMakeTmp/CheckSymbolExists.cxx:8:19: error: ‘Q_WS_MAC’ was not declared in this scope
   return ((int*)(&Q_WS_MAC))[argc];
                   ^
make[1]: quittant le répertoire « /home/emmanuelle/Dropbox/ProcDeferl2/CMakeFiles/CMakeTmp »
make[1]: *** [CMakeFiles/cmTryCompileExec2939093928.dir/CheckSymbolExists.cxx.o] Erreur 1
make: *** [cmTryCompileExec2939093928/fast] Erreur 2

File /home/emmanuelle/Dropbox/ProcDeferl2/CMakeFiles/CMakeTmp/CheckSymbolExists.cxx:
/* */
#include <QtCore/qglobal.h>

int main(int argc, char** argv)
{
  (void)argv;
#ifndef Q_WS_MAC
  return ((int*)(&Q_WS_MAC))[argc];
#else
  (void)argc;
  return 0;
#endif
}

Determining if the Q_WS_WIN exist failed with the following output:
Change Dir: /home/emmanuelle/Dropbox/ProcDeferl2-Qt4/CMakeFiles/CMakeTmp

Run Build Command:/usr/bin/make "cmTryCompileExec4128180904/fast"
/usr/bin/make -f CMakeFiles/cmTryCompileExec4128180904.dir/build.make CMakeFiles/cmTryCompileExec4128180904.dir/build
make[1]: entrant dans le répertoire « /home/emmanuelle/Dropbox/ProcDeferl2-Qt4/CMakeFiles/CMakeTmp »
/usr/bin/cmake -E cmake_progress_report /home/emmanuelle/Dropbox/ProcDeferl2-Qt4/CMakeFiles/CMakeTmp/CMakeFiles 1
Building CXX object CMakeFiles/cmTryCompileExec4128180904.dir/CheckSymbolExists.cxx.o
/usr/bin/c++    -std=c++11 -O3  -I/usr/include/qt4    -o CMakeFiles/cmTryCompileExec4128180904.dir/CheckSymbolExists.cxx.o -c /home/emmanuelle/Dropbox/ProcDeferl2-Qt4/CMakeFiles/CMakeTmp/CheckSymbolExists.cxx
/home/emmanuelle/Dropbox/ProcDeferl2-Qt4/CMakeFiles/CMakeTmp/CheckSymbolExists.cxx: In function ‘int main(int, char**)’:
/home/emmanuelle/Dropbox/ProcDeferl2-Qt4/CMakeFiles/CMakeTmp/CheckSymbolExists.cxx:8:19: error: ‘Q_WS_WIN’ was not declared in this scope
   return ((int*)(&Q_WS_WIN))[argc];
                   ^
make[1]: *** [CMakeFiles/cmTryCompileExec4128180904.dir/CheckSymbolExists.cxx.o] Erreur 1
make[1]: quittant le répertoire « /home/emmanuelle/Dropbox/ProcDeferl2-Qt4/CMakeFiles/CMakeTmp »
make: *** [cmTryCompileExec4128180904/fast] Erreur 2

File /home/emmanuelle/Dropbox/ProcDeferl2-Qt4/CMakeFiles/CMakeTmp/CheckSymbolExists.cxx:
/* */
#include <QtCore/qglobal.h>

int main(int argc, char** argv)
{
  (void)argv;
#ifndef Q_WS_WIN
  return ((int*)(&Q_WS_WIN))[argc];
#else
  (void)argc;
  return 0;
#endif
}

Determining if the Q_WS_QWS exist failed with the following output:
Change Dir: /home/emmanuelle/Dropbox/ProcDeferl2-Qt4/CMakeFiles/CMakeTmp

Run Build Command:/usr/bin/make "cmTryCompileExec3884086580/fast"
/usr/bin/make -f CMakeFiles/cmTryCompileExec3884086580.dir/build.make CMakeFiles/cmTryCompileExec3884086580.dir/build
make[1]: entrant dans le répertoire « /home/emmanuelle/Dropbox/ProcDeferl2-Qt4/CMakeFiles/CMakeTmp »
/usr/bin/cmake -E cmake_progress_report /home/emmanuelle/Dropbox/ProcDeferl2-Qt4/CMakeFiles/CMakeTmp/CMakeFiles 1
Building CXX object CMakeFiles/cmTryCompileExec3884086580.dir/CheckSymbolExists.cxx.o
/usr/bin/c++    -std=c++11 -O3  -I/usr/include/qt4    -o CMakeFiles/cmTryCompileExec3884086580.dir/CheckSymbolExists.cxx.o -c /home/emmanuelle/Dropbox/ProcDeferl2-Qt4/CMakeFiles/CMakeTmp/CheckSymbolExists.cxx
/home/emmanuelle/Dropbox/ProcDeferl2-Qt4/CMakeFiles/CMakeTmp/CheckSymbolExists.cxx: In function ‘int main(int, char**)’:
/home/emmanuelle/Dropbox/ProcDeferl2-Qt4/CMakeFiles/CMakeTmp/CheckSymbolExists.cxx:8:19: error: ‘Q_WS_QWS’ was not declared in this scope
   return ((int*)(&Q_WS_QWS))[argc];
                   ^
make[1]: quittant le répertoire « /home/emmanuelle/Dropbox/ProcDeferl2-Qt4/CMakeFiles/CMakeTmp »
make[1]: *** [CMakeFiles/cmTryCompileExec3884086580.dir/CheckSymbolExists.cxx.o] Erreur 1
make: *** [cmTryCompileExec3884086580/fast] Erreur 2

File /home/emmanuelle/Dropbox/ProcDeferl2-Qt4/CMakeFiles/CMakeTmp/CheckSymbolExists.cxx:
/* */
#include <QtCore/qglobal.h>

int main(int argc, char** argv)
{
  (void)argv;
#ifndef Q_WS_QWS
  return ((int*)(&Q_WS_QWS))[argc];
#else
  (void)argc;
  return 0;
#endif
}

Determining if the Q_WS_MAC exist failed with the following output:
Change Dir: /home/emmanuelle/Dropbox/ProcDeferl2-Qt4/CMakeFiles/CMakeTmp

Run Build Command:/usr/bin/make "cmTryCompileExec4142475267/fast"
/usr/bin/make -f CMakeFiles/cmTryCompileExec4142475267.dir/build.make CMakeFiles/cmTryCompileExec4142475267.dir/build
make[1]: entrant dans le répertoire « /home/emmanuelle/Dropbox/ProcDeferl2-Qt4/CMakeFiles/CMakeTmp »
/usr/bin/cmake -E cmake_progress_report /home/emmanuelle/Dropbox/ProcDeferl2-Qt4/CMakeFiles/CMakeTmp/CMakeFiles 1
Building CXX object CMakeFiles/cmTryCompileExec4142475267.dir/CheckSymbolExists.cxx.o
/usr/bin/c++    -std=c++11 -O3  -I/usr/include/qt4    -o CMakeFiles/cmTryCompileExec4142475267.dir/CheckSymbolExists.cxx.o -c /home/emmanuelle/Dropbox/ProcDeferl2-Qt4/CMakeFiles/CMakeTmp/CheckSymbolExists.cxx
/home/emmanuelle/Dropbox/ProcDeferl2-Qt4/CMakeFiles/CMakeTmp/CheckSymbolExists.cxx: In function ‘int main(int, char**)’:
/home/emmanuelle/Dropbox/ProcDeferl2-Qt4/CMakeFiles/CMakeTmp/CheckSymbolExists.cxx:8:19: error: ‘Q_WS_MAC’ was not declared in this scope
   return ((int*)(&Q_WS_MAC))[argc];
                   ^
make[1]: quittant le répertoire « /home/emmanuelle/Dropbox/ProcDeferl2-Qt4/CMakeFiles/CMakeTmp »
make[1]: *** [CMakeFiles/cmTryCompileExec4142475267.dir/CheckSymbolExists.cxx.o] Erreur 1
make: *** [cmTryCompileExec4142475267/fast] Erreur 2

File /home/emmanuelle/Dropbox/ProcDeferl2-Qt4/CMakeFiles/CMakeTmp/CheckSymbolExists.cxx:
/* */
#include <QtCore/qglobal.h>

int main(int argc, char** argv)
{
  (void)argv;
#ifndef Q_WS_MAC
  return ((int*)(&Q_WS_MAC))[argc];
#else
  (void)argc;
  return 0;
#endif
}

